2022-05-01 16:33:02.364035: Logfile opened 
2022-05-01 16:33:02.364035: Started ILO Prometheus Connector Test 
2022-05-01 16:33:28.882107: Logfile opened 
2022-05-01 16:33:28.882604: Exception 
2022-05-01 16:33:28.883604: 0 
2022-05-01 16:33:28.884604: Logfile closed 
2022-05-01 16:38:34.976215: Logfile opened 
2022-05-01 16:38:34.976215: Started ILO Prometheus Connector Test 
2022-05-01 16:38:51.103716: Logfile opened 
2022-05-01 16:38:51.105769: Exception 
2022-05-01 16:38:51.106736: 0 
2022-05-01 16:38:51.108703: Logfile closed 
2022-05-01 16:39:08.321177: Logfile opened 
2022-05-01 16:39:08.321177: Exception 
2022-05-01 16:39:08.323166: 0 
2022-05-01 16:39:08.324163: Logfile closed 
2022-05-01 16:39:26.277654: Logfile opened 
2022-05-01 16:39:26.278657: Exception 
2022-05-01 16:39:26.279699: 10 
2022-05-01 16:39:26.280648: Logfile closed 
2022-05-01 16:39:45.047452: Logfile opened 
2022-05-01 16:39:45.047452: Exception 
2022-05-01 16:39:45.048446: 20 
2022-05-01 16:39:45.049441: Logfile closed 
2022-05-01 16:40:00.798795: Logfile opened 
2022-05-01 16:40:00.798795: Exception 
2022-05-01 16:40:00.800799: 20 
2022-05-01 16:40:00.801787: Logfile closed 
2022-05-01 16:40:42.814349: Logfile opened 
2022-05-01 16:40:42.814349: Exception 
2022-05-01 16:40:42.815126: 30 
2022-05-01 16:40:42.817120: Logfile closed 
2022-05-01 16:43:25.873299: Logfile opened 
2022-05-01 16:43:26.947315: Exception 
2022-05-01 16:43:28.234529: 30 
2022-05-01 16:43:29.163053: Logfile closed 
